This is pdfTeX, Version 3.1415926-2.3-1.40.12 (MiKTeX 2.9) (preloaded format=pdflatex 2018.12.14)  4 JUL 2019 00:11
entering extended mode
**C:/Users/Su-zl/Desktop/è«–æ–‡/zls-master/conference.tex
(C:/Users/Su-zl/Desktop/è«–æ–‡/zls-master/conference.tex
LaTeX2e <2011/06/27>
Babel <v3.8m> and hyphenation patterns for loaded.
(C:\Users\Su-zl\Desktop\è«–æ–‡\zls-master\IEEEtran.cls
Document Class: IEEEtran 2015/08/26 V1.8b by Michael Shell
-- See the "IEEEtran_HOWTO" manual for usage information.
-- http://www.michaelshell.org/tex/ieeetran/
\@IEEEtrantmpdimenA=\dimen102
\@IEEEtrantmpdimenB=\dimen103
\@IEEEtrantmpdimenC=\dimen104
\@IEEEtrantmpcountA=\count79
\@IEEEtrantmpcountB=\count80
\@IEEEtrantmpcountC=\count81
\@IEEEtrantmptoksA=\toks14
LaTeX Font Info:    Try loading font information for OT1+ptm on input line 503.

(D:\CTeX\MiKTeX\tex\latex\psnfss\ot1ptm.fd
File: ot1ptm.fd 2001/06/04 font definitions for OT1/ptm.
)
-- Using 8.5in x 11in (letter) paper.
-- Using PDF output.
\@IEEEnormalsizeunitybaselineskip=\dimen105
-- This is a 10 point document.
\CLASSINFOnormalsizebaselineskip=\dimen106
\CLASSINFOnormalsizeunitybaselineskip=\dimen107
\IEEEnormaljot=\dimen108
LaTeX Font Info:    Font shape `OT1/ptm/bx/n' in size <5> not available
(Font)              Font shape `OT1/ptm/b/n' tried instead on input line 1090.
LaTeX Font Info:    Font shape `OT1/ptm/bx/it' in size <5> not available
(Font)              Font shape `OT1/ptm/b/it' tried instead on input line 1090.

LaTeX Font Info:    Font shape `OT1/ptm/bx/n' in size <7> not available
(Font)              Font shape `OT1/ptm/b/n' tried instead on input line 1090.
LaTeX Font Info:    Font shape `OT1/ptm/bx/it' in size <7> not available
(Font)              Font shape `OT1/ptm/b/it' tried instead on input line 1090.

LaTeX Font Info:    Font shape `OT1/ptm/bx/n' in size <8> not available
(Font)              Font shape `OT1/ptm/b/n' tried instead on input line 1090.
LaTeX Font Info:    Font shape `OT1/ptm/bx/it' in size <8> not available
(Font)              Font shape `OT1/ptm/b/it' tried instead on input line 1090.

LaTeX Font Info:    Font shape `OT1/ptm/bx/n' in size <9> not available
(Font)              Font shape `OT1/ptm/b/n' tried instead on input line 1090.
LaTeX Font Info:    Font shape `OT1/ptm/bx/it' in size <9> not available
(Font)              Font shape `OT1/ptm/b/it' tried instead on input line 1090.

LaTeX Font Info:    Font shape `OT1/ptm/bx/n' in size <10> not available
(Font)              Font shape `OT1/ptm/b/n' tried instead on input line 1090.
LaTeX Font Info:    Font shape `OT1/ptm/bx/it' in size <10> not available
(Font)              Font shape `OT1/ptm/b/it' tried instead on input line 1090.

LaTeX Font Info:    Font shape `OT1/ptm/bx/n' in size <11> not available
(Font)              Font shape `OT1/ptm/b/n' tried instead on input line 1090.
LaTeX Font Info:    Font shape `OT1/ptm/bx/it' in size <11> not available
(Font)              Font shape `OT1/ptm/b/it' tried instead on input line 1090.

LaTeX Font Info:    Font shape `OT1/ptm/bx/n' in size <12> not available
(Font)              Font shape `OT1/ptm/b/n' tried instead on input line 1090.
LaTeX Font Info:    Font shape `OT1/ptm/bx/it' in size <12> not available
(Font)              Font shape `OT1/ptm/b/it' tried instead on input line 1090.

LaTeX Font Info:    Font shape `OT1/ptm/bx/n' in size <17> not available
(Font)              Font shape `OT1/ptm/b/n' tried instead on input line 1090.
LaTeX Font Info:    Font shape `OT1/ptm/bx/it' in size <17> not available
(Font)              Font shape `OT1/ptm/b/it' tried instead on input line 1090.

LaTeX Font Info:    Font shape `OT1/ptm/bx/n' in size <20> not available
(Font)              Font shape `OT1/ptm/b/n' tried instead on input line 1090.
LaTeX Font Info:    Font shape `OT1/ptm/bx/it' in size <20> not available
(Font)              Font shape `OT1/ptm/b/it' tried instead on input line 1090.

LaTeX Font Info:    Font shape `OT1/ptm/bx/n' in size <24> not available
(Font)              Font shape `OT1/ptm/b/n' tried instead on input line 1090.
LaTeX Font Info:    Font shape `OT1/ptm/bx/it' in size <24> not available
(Font)              Font shape `OT1/ptm/b/it' tried instead on input line 1090.

\IEEEquantizedlength=\dimen109
\IEEEquantizedlengthdiff=\dimen110
\IEEEquantizedtextheightdiff=\dimen111
\IEEEilabelindentA=\dimen112
\IEEEilabelindentB=\dimen113
\IEEEilabelindent=\dimen114
\IEEEelabelindent=\dimen115
\IEEEdlabelindent=\dimen116
\IEEElabelindent=\dimen117
\IEEEiednormlabelsep=\dimen118
\IEEEiedmathlabelsep=\dimen119
\IEEEiedtopsep=\skip41
\c@section=\count82
\c@subsection=\count83
\c@subsubsection=\count84
\c@paragraph=\count85
\c@IEEEsubequation=\count86
\abovecaptionskip=\skip42
\belowcaptionskip=\skip43
\c@figure=\count87
\c@table=\count88
\@IEEEeqnnumcols=\count89
\@IEEEeqncolcnt=\count90
\@IEEEsubeqnnumrollback=\count91
\@IEEEquantizeheightA=\dimen120
\@IEEEquantizeheightB=\dimen121
\@IEEEquantizeheightC=\dimen122
\@IEEEquantizeprevdepth=\dimen123
\@IEEEquantizemultiple=\count92
\@IEEEquantizeboxA=\box26
\@IEEEtmpitemindent=\dimen124
\IEEEPARstartletwidth=\dimen125
\c@IEEEbiography=\count93
\@IEEEtranrubishbin=\box27
)
** ATTENTION: Overriding command lockouts (line 2).
(D:\CTeX\MiKTeX\tex\latex\cite\cite.sty
LaTeX Info: Redefining \cite on input line 302.
LaTeX Info: Redefining \nocite on input line 373.
Package: cite 2010/09/10  v 5.3
)
(D:\CTeX\MiKTeX\tex\latex\ams\math\amsmath.sty
Package: amsmath 2000/07/18 v2.13 AMS math features
\@mathmargin=\skip44

For additional information on amsmath, use the `?' option.
(D:\CTeX\MiKTeX\tex\latex\ams\math\amstext.sty
Package: amstext 2000/06/29 v2.01

(D:\CTeX\MiKTeX\tex\latex\ams\math\amsgen.sty
File: amsgen.sty 1999/11/30 v2.0
\@emptytoks=\toks15
\ex@=\dimen126
))
(D:\CTeX\MiKTeX\tex\latex\ams\math\amsbsy.sty
Package: amsbsy 1999/11/29 v1.2d
\pmbraise@=\dimen127
)
(D:\CTeX\MiKTeX\tex\latex\ams\math\amsopn.sty
Package: amsopn 1999/12/14 v2.01 operator names
)
\inf@bad=\count94
LaTeX Info: Redefining \frac on input line 211.
\uproot@=\count95
\leftroot@=\count96
LaTeX Info: Redefining \overline on input line 307.
\classnum@=\count97
\DOTSCASE@=\count98
LaTeX Info: Redefining \ldots on input line 379.
LaTeX Info: Redefining \dots on input line 382.
LaTeX Info: Redefining \cdots on input line 467.
\Mathstrutbox@=\box28
\strutbox@=\box29
\big@size=\dimen128
LaTeX Font Info:    Redeclaring font encoding OML on input line 567.
LaTeX Font Info:    Redeclaring font encoding OMS on input line 568.
\macc@depth=\count99
\c@MaxMatrixCols=\count100
\dotsspace@=\muskip10
\c@parentequation=\count101
\dspbrk@lvl=\count102
\tag@help=\toks16
\row@=\count103
\column@=\count104
\maxfields@=\count105
\andhelp@=\toks17
\eqnshift@=\dimen129
\alignsep@=\dimen130
\tagshift@=\dimen131
\tagwidth@=\dimen132
\totwidth@=\dimen133
\lineht@=\dimen134
\@envbody=\toks18
\multlinegap=\skip45
\multlinetaggap=\skip46
\mathdisplay@stack=\toks19
LaTeX Info: Redefining \[ on input line 2666.
LaTeX Info: Redefining \] on input line 2667.
)
(D:\CTeX\MiKTeX\tex\latex\amsfonts\amssymb.sty
Package: amssymb 2009/06/22 v3.00

(D:\CTeX\MiKTeX\tex\latex\amsfonts\amsfonts.sty
Package: amsfonts 2009/06/22 v3.00 Basic AMSFonts support
\symAMSa=\mathgroup4
\symAMSb=\mathgroup5
LaTeX Font Info:    Overwriting math alphabet `\mathfrak' in version `bold'
(Font)                  U/euf/m/n --> U/euf/b/n on input line 96.
))
(D:\CTeX\MiKTeX\tex\latex\algorithms\algorithmic.sty
Package: algorithmic 2009/08/24 v0.1 Document Style `algorithmic'

(D:\CTeX\MiKTeX\tex\latex\base\ifthen.sty
Package: ifthen 2001/05/26 v1.1c Standard LaTeX ifthen package (DPC)
)
(D:\CTeX\MiKTeX\tex\latex\graphics\keyval.sty
Package: keyval 1999/03/16 v1.13 key=value parser (DPC)
\KV@toks@=\toks20
)
\c@ALC@unique=\count106
\c@ALC@line=\count107
\c@ALC@rem=\count108
\c@ALC@depth=\count109
\ALC@tlm=\skip47
\algorithmicindent=\skip48
)
(D:\CTeX\MiKTeX\tex\latex\graphics\graphicx.sty
Package: graphicx 1999/02/16 v1.0f Enhanced LaTeX Graphics (DPC,SPQR)

(D:\CTeX\MiKTeX\tex\latex\graphics\graphics.sty
Package: graphics 2009/02/05 v1.0o Standard LaTeX Graphics (DPC,SPQR)

(D:\CTeX\MiKTeX\tex\latex\graphics\trig.sty
Package: trig 1999/03/16 v1.09 sin cos tan (DPC)
)
(D:\CTeX\MiKTeX\tex\latex\00miktex\graphics.cfg
File: graphics.cfg 2007/01/18 v1.5 graphics configuration of teTeX/TeXLive
)
Package graphics Info: Driver file: pdftex.def on input line 91.

(D:\CTeX\MiKTeX\tex\latex\pdftex-def\pdftex.def
File: pdftex.def 2011/05/27 v0.06d Graphics/color for pdfTeX

(D:\CTeX\MiKTeX\tex\generic\oberdiek\infwarerr.sty
Package: infwarerr 2010/04/08 v1.3 Providing info/warning/message (HO)
)
(D:\CTeX\MiKTeX\tex\generic\oberdiek\ltxcmds.sty
Package: ltxcmds 2011/04/18 v1.20 LaTeX kernel commands for general use (HO)
)
\Gread@gobject=\count110
))
\Gin@req@height=\dimen135
\Gin@req@width=\dimen136
)
(D:\CTeX\MiKTeX\tex\latex\base\textcomp.sty
Package: textcomp 2005/09/27 v1.99g Standard LaTeX package
Package textcomp Info: Sub-encoding information:
(textcomp)               5 = only ISO-Adobe without \textcurrency
(textcomp)               4 = 5 + \texteuro
(textcomp)               3 = 4 + \textohm
(textcomp)               2 = 3 + \textestimated + \textcurrency
(textcomp)               1 = TS1 - \textcircled - \t
(textcomp)               0 = TS1 (full)
(textcomp)             Font families with sub-encoding setting implement
(textcomp)             only a restricted character set as indicated.
(textcomp)             Family '?' is the default used for unknown fonts.
(textcomp)             See the documentation for details.
Package textcomp Info: Setting ? sub-encoding to TS1/1 on input line 71.

(D:\CTeX\MiKTeX\tex\latex\base\ts1enc.def
File: ts1enc.def 2001/06/05 v3.0e (jk/car/fm) Standard LaTeX file
)
LaTeX Info: Redefining \oldstylenums on input line 266.
Package textcomp Info: Setting cmr sub-encoding to TS1/0 on input line 281.
Package textcomp Info: Setting cmss sub-encoding to TS1/0 on input line 282.
Package textcomp Info: Setting cmtt sub-encoding to TS1/0 on input line 283.
Package textcomp Info: Setting cmvtt sub-encoding to TS1/0 on input line 284.
Package textcomp Info: Setting cmbr sub-encoding to TS1/0 on input line 285.
Package textcomp Info: Setting cmtl sub-encoding to TS1/0 on input line 286.
Package textcomp Info: Setting ccr sub-encoding to TS1/0 on input line 287.
Package textcomp Info: Setting ptm sub-encoding to TS1/4 on input line 288.
Package textcomp Info: Setting pcr sub-encoding to TS1/4 on input line 289.
Package textcomp Info: Setting phv sub-encoding to TS1/4 on input line 290.
Package textcomp Info: Setting ppl sub-encoding to TS1/3 on input line 291.
Package textcomp Info: Setting pag sub-encoding to TS1/4 on input line 292.
Package textcomp Info: Setting pbk sub-encoding to TS1/4 on input line 293.
Package textcomp Info: Setting pnc sub-encoding to TS1/4 on input line 294.
Package textcomp Info: Setting pzc sub-encoding to TS1/4 on input line 295.
Package textcomp Info: Setting bch sub-encoding to TS1/4 on input line 296.
Package textcomp Info: Setting put sub-encoding to TS1/5 on input line 297.
Package textcomp Info: Setting uag sub-encoding to TS1/5 on input line 298.
Package textcomp Info: Setting ugq sub-encoding to TS1/5 on input line 299.
Package textcomp Info: Setting ul8 sub-encoding to TS1/4 on input line 300.
Package textcomp Info: Setting ul9 sub-encoding to TS1/4 on input line 301.
Package textcomp Info: Setting augie sub-encoding to TS1/5 on input line 302.
Package textcomp Info: Setting dayrom sub-encoding to TS1/3 on input line 303.
Package textcomp Info: Setting dayroms sub-encoding to TS1/3 on input line 304.

Package textcomp Info: Setting pxr sub-encoding to TS1/0 on input line 305.
Package textcomp Info: Setting pxss sub-encoding to TS1/0 on input line 306.
Package textcomp Info: Setting pxtt sub-encoding to TS1/0 on input line 307.
Package textcomp Info: Setting txr sub-encoding to TS1/0 on input line 308.
Package textcomp Info: Setting txss sub-encoding to TS1/0 on input line 309.
Package textcomp Info: Setting txtt sub-encoding to TS1/0 on input line 310.
Package textcomp Info: Setting lmr sub-encoding to TS1/0 on input line 311.
Package textcomp Info: Setting lmdh sub-encoding to TS1/0 on input line 312.
Package textcomp Info: Setting lmss sub-encoding to TS1/0 on input line 313.
Package textcomp Info: Setting lmssq sub-encoding to TS1/0 on input line 314.
Package textcomp Info: Setting lmvtt sub-encoding to TS1/0 on input line 315.
Package textcomp Info: Setting qhv sub-encoding to TS1/0 on input line 316.
Package textcomp Info: Setting qag sub-encoding to TS1/0 on input line 317.
Package textcomp Info: Setting qbk sub-encoding to TS1/0 on input line 318.
Package textcomp Info: Setting qcr sub-encoding to TS1/0 on input line 319.
Package textcomp Info: Setting qcs sub-encoding to TS1/0 on input line 320.
Package textcomp Info: Setting qpl sub-encoding to TS1/0 on input line 321.
Package textcomp Info: Setting qtm sub-encoding to TS1/0 on input line 322.
Package textcomp Info: Setting qzc sub-encoding to TS1/0 on input line 323.
Package textcomp Info: Setting qhvc sub-encoding to TS1/0 on input line 324.
Package textcomp Info: Setting futs sub-encoding to TS1/4 on input line 325.
Package textcomp Info: Setting futx sub-encoding to TS1/4 on input line 326.
Package textcomp Info: Setting futj sub-encoding to TS1/4 on input line 327.
Package textcomp Info: Setting hlh sub-encoding to TS1/3 on input line 328.
Package textcomp Info: Setting hls sub-encoding to TS1/3 on input line 329.
Package textcomp Info: Setting hlst sub-encoding to TS1/3 on input line 330.
Package textcomp Info: Setting hlct sub-encoding to TS1/5 on input line 331.
Package textcomp Info: Setting hlx sub-encoding to TS1/5 on input line 332.
Package textcomp Info: Setting hlce sub-encoding to TS1/5 on input line 333.
Package textcomp Info: Setting hlcn sub-encoding to TS1/5 on input line 334.
Package textcomp Info: Setting hlcw sub-encoding to TS1/5 on input line 335.
Package textcomp Info: Setting hlcf sub-encoding to TS1/5 on input line 336.
Package textcomp Info: Setting pplx sub-encoding to TS1/3 on input line 337.
Package textcomp Info: Setting pplj sub-encoding to TS1/3 on input line 338.
Package textcomp Info: Setting ptmx sub-encoding to TS1/4 on input line 339.
Package textcomp Info: Setting ptmj sub-encoding to TS1/4 on input line 340.
)
(D:\CTeX\MiKTeX\tex\latex\xcolor\xcolor.sty
Package: xcolor 2007/01/21 v2.11 LaTeX color extensions (UK)

(D:\CTeX\MiKTeX\tex\latex\00miktex\color.cfg
File: color.cfg 2007/01/18 v1.5 color configuration of teTeX/TeXLive
)
Package xcolor Info: Driver file: pdftex.def on input line 225.
Package xcolor Info: Model `cmy' substituted by `cmy0' on input line 1337.
Package xcolor Info: Model `hsb' substituted by `rgb' on input line 1341.
Package xcolor Info: Model `RGB' extended on input line 1353.
Package xcolor Info: Model `HTML' substituted by `rgb' on input line 1355.
Package xcolor Info: Model `Hsb' substituted by `hsb' on input line 1356.
Package xcolor Info: Model `tHsb' substituted by `hsb' on input line 1357.
Package xcolor Info: Model `HSB' substituted by `hsb' on input line 1358.
Package xcolor Info: Model `Gray' substituted by `gray' on input line 1359.
Package xcolor Info: Model `wave' substituted by `hsb' on input line 1360.
)
(C:\Users\Su-zl\Desktop\è«–æ–‡\zls-master\conference.aux

LaTeX Warning: Label `fig' multiply defined.


LaTeX Warning: Label `fig' multiply defined.


LaTeX Warning: Label `fig' multiply defined.


LaTeX Warning: Label `fig' multiply defined.


LaTeX Warning: Label `fig' multiply defined.


LaTeX Warning: Label `fig' multiply defined.


LaTeX Warning: Label `fig' multiply defined.


LaTeX Warning: Label `fig' multiply defined.


LaTeX Warning: Label `fig' multiply defined.


LaTeX Warning: Label `fig' multiply defined.


LaTeX Warning: Label `fig' multiply defined.

)
LaTeX Font Info:    Checking defaults for OML/cmm/m/it on input line 12.
LaTeX Font Info:    ... okay on input line 12.
LaTeX Font Info:    Checking defaults for T1/cmr/m/n on input line 12.
LaTeX Font Info:    ... okay on input line 12.
LaTeX Font Info:    Checking defaults for OT1/cmr/m/n on input line 12.
LaTeX Font Info:    ... okay on input line 12.
LaTeX Font Info:    Checking defaults for OMS/cmsy/m/n on input line 12.
LaTeX Font Info:    ... okay on input line 12.
LaTeX Font Info:    Checking defaults for OMX/cmex/m/n on input line 12.
LaTeX Font Info:    ... okay on input line 12.
LaTeX Font Info:    Checking defaults for U/cmr/m/n on input line 12.
LaTeX Font Info:    ... okay on input line 12.
LaTeX Font Info:    Checking defaults for TS1/cmr/m/n on input line 12.
LaTeX Font Info:    Try loading font information for TS1+cmr on input line 12.
 (D:\CTeX\MiKTeX\tex\latex\base\ts1cmr.fd
File: ts1cmr.fd 1999/05/25 v2.5h Standard LaTeX font definitions
)
LaTeX Font Info:    ... okay on input line 12.

-- Lines per column: 56 (exact).
(D:\CTeX\MiKTeX\tex\context\base\supp-pdf.mkii
[Loading MPS to PDF converter (version 2006.09.02).]
\scratchcounter=\count111
\scratchdimen=\dimen137
\scratchbox=\box30
\nofMPsegments=\count112
\nofMParguments=\count113
\everyMPshowfont=\toks21
\MPscratchCnt=\count114
\MPscratchDim=\dimen138
\MPnumerator=\count115
\makeMPintoPDFobject=\count116
\everyMPtoPDFconversion=\toks22
)
LaTeX Font Info:    Try loading font information for U+msa on input line 56.
 (D:\CTeX\MiKTeX\tex\latex\amsfonts\umsa.fd
File: umsa.fd 2009/06/22 v3.00 AMS symbols A
)
LaTeX Font Info:    Try loading font information for U+msb on input line 56.

(D:\CTeX\MiKTeX\tex\latex\amsfonts\umsb.fd
File: umsb.fd 2009/06/22 v3.00 AMS symbols B
)
LaTeX Font Info:    Calculating math sizes for size <11> on input line 56.

(C:\Users\Su-zl\Desktop\è«–æ–‡\zls-master\abstract.tex)
(C:\Users\Su-zl\Desktop\è«–æ–‡\zls-master\Introduction.tex
Missing character: There is no ¡ in font ptmr7t!
Missing character: There is no ° in font ptmr7t!
Missing character: There is no ¡ in font ptmr7t!
Missing character: There is no ± in font ptmr7t!
)
(C:\Users\Su-zl\Desktop\è«–æ–‡\zls-master\relatedWork.tex

LaTeX Warning: Citation `1315006' on page 1 undefined on input line 18.

Missing character: There is no ¡ in font ptmr7t!
Missing character: There is no ã in font ptmr7t!
[1{D:/CTeX/UserData/pdftex/config/pdftex.map{Unicode.sfd}{UGBK.sfd}}


]
<YOLO-FRCNN.jpg, id=9, 477.28313pt x 167.87718pt>
File: YOLO-FRCNN.jpg Graphic file (type jpg)
 <use YOLO-FRCNN.jpg>
Package pdftex.def Info: YOLO-FRCNN.jpg used on input line 41.
(pdftex.def)             Requested size: 429.55084pt x 151.08806pt.


LaTeX Warning: Citation `7961803' on page 2 undefined on input line 46.


LaTeX Warning: Citation `Li_2015_CVPR' on page 2 undefined on input line 46.


LaTeX Warning: Citation `Yang_2016_CVPR' on page 2 undefined on input line 46.


LaTeX Warning: Citation `10.1007/978-3-319-10602-1_26' on page 2 undefined on i
nput line 46.


LaTeX Warning: Citation `Gordon_2018_CVPR' on page 2 undefined on input line 48
.


LaTeX Warning: Citation `Ehsani_2018_CVPR' on page 2 undefined on input line 48
.


LaTeX Warning: Citation `Vondrick_2016_CVPR' on page 2 undefined on input line 
48.


LaTeX Warning: Citation `GREWAL20171' on page 2 undefined on input line 60.

) (C:\Users\Su-zl\Desktop\è«–æ–‡\zls-master\method.tex
<flow.jpg, id=10, 702.625pt x 402.50375pt>
File: flow.jpg Graphic file (type jpg)
 <use flow.jpg>
Package pdftex.def Info: flow.jpg used on input line 7.
(pdftex.def)             Requested size: 562.10075pt x 322.00343pt.
 [2 <C:/Users/Su-zl/Desktop/è«–æ–‡/zls-master/YOLO-FRCNN.jpg>]

LaTeX Warning: Citation `Ball88' on page 3 undefined on input line 28.

<HFOV.jpg, id=14, 118.94438pt x 111.41624pt>
File: HFOV.jpg Graphic file (type jpg)
 <use HFOV.jpg>
Package pdftex.def Info: HFOV.jpg used on input line 31.
(pdftex.def)             Requested size: 47.5769pt x 44.5657pt.

<VFOV.jpg, id=15, 114.4275pt x 107.65219pt>
File: VFOV.jpg Graphic file (type jpg)
 <use VFOV.jpg>
Package pdftex.def Info: VFOV.jpg used on input line 31.
(pdftex.def)             Requested size: 45.77019pt x 43.0601pt.

<AFOV-MA.jpg, id=16, 200.24812pt x 47.42719pt>
File: AFOV-MA.jpg Graphic file (type jpg)
 <use AFOV-MA.jpg>
Package pdftex.def Info: AFOV-MA.jpg used on input line 38.
(pdftex.def)             Requested size: 180.22165pt x 42.68407pt.

<AFOV.jpg, id=17, 655.69969pt x 359.09157pt>
File: AFOV.jpg Graphic file (type jpg)
 <use AFOV.jpg>
Package pdftex.def Info: AFOV.jpg used on input line 40.
(pdftex.def)             Requested size: 590.12427pt x 323.17941pt.

<DPIPPI.jpg, id=18, 384.6872pt x 335.00156pt>
File: DPIPPI.jpg Graphic file (type jpg)
 <use DPIPPI.jpg>
Package pdftex.def Info: DPIPPI.jpg used on input line 53.
(pdftex.def)             Requested size: 346.21527pt x 301.49861pt.
Missing character: There is no ¡ in font ptmr7t!
Missing character: There is no ã in font ptmr7t!
Missing character: There is no ¡ in font ptmr7t!
Missing character: There is no ã in font ptmr7t!
Missing character: There is no ¡ in font ptmr7t!
Missing character: There is no ã in font ptmr7t!
Missing character: There is no ¡ in font ptmr7t!
Missing character: There is no ã in font ptmr7t!
 [3 <C:/Users/Su-zl/Desktop/è«–æ–‡/zls-master/flow.jpg> <C:/Users/Su-zl/Desktop
/è«–æ–‡/zls-master/HFOV.jpg> <C:/Users/Su-zl/Desktop/è«–æ–‡/zls-master/VFOV.jpg
> <C:/Users/Su-zl/Desktop/è«–æ–‡/zls-master/AFOV-MA.jpg> <C:/Users/Su-zl/Deskto
p/è«–æ–‡/zls-master/AFOV.jpg> <C:/Users/Su-zl/Desktop/è«–æ–‡/zls-master/DPIPPI.
jpg>]
Missing character: There is no ¡ in font ptmr7t!
Missing character: There is no ã in font ptmr7t!

<camera360.jpg, id=22, 438.8897pt x 478.78876pt>
File: camera360.jpg Graphic file (type jpg)
 <use camera360.jpg>
Package pdftex.def Info: camera360.jpg used on input line 65.
(pdftex.def)             Requested size: 351.11223pt x 383.03152pt.
Missing character: There is no ¡ in font ptmr7t!
Missing character: There is no ã in font ptmr7t!
Missing character: There is no ¡ in font ptmr7t!
Missing character: There is no ã in font ptmr7t!

<camera180.jpg, id=23, 437.38406pt x 408.77719pt>
File: camera180.jpg Graphic file (type jpg)
 <use camera180.jpg>
Package pdftex.def Info: camera180.jpg used on input line 73.
(pdftex.def)             Requested size: 349.90771pt x 327.02219pt.
Missing character: There is no ¡ in font ptmr7t!
Missing character: There is no ã in font ptmr7t!
)
(C:\Users\Su-zl\Desktop\è«–æ–‡\zls-master\Simulator.tex
<supermarket.jpg, id=24, 526.96875pt x 267.24844pt>
File: supermarket.jpg Graphic file (type jpg)
 <use supermarket.jpg>
Package pdftex.def Info: supermarket.jpg used on input line 21.
(pdftex.def)             Requested size: 421.57556pt x 213.79904pt.

[4 <C:/Users/Su-zl/Desktop/è«–æ–‡/zls-master/camera360.jpg> <C:/Users/Su-zl/Des
ktop/è«–æ–‡/zls-master/camera180.jpg>]
<shelves.jpg, id=28, 527.72156pt x 166.37157pt>
File: shelves.jpg Graphic file (type jpg)
 <use shelves.jpg>
Package pdftex.def Info: shelves.jpg used on input line 31.
(pdftex.def)             Requested size: 422.17783pt x 133.09741pt.


LaTeX Warning: Citation `199317' on page 5 undefined on input line 47.

<LaysMarked.jpg, id=29, 917.67844pt x 529.22719pt>
File: LaysMarked.jpg Graphic file (type jpg)
 <use LaysMarked.jpg>
Package pdftex.def Info: LaysMarked.jpg used on input line 56.
(pdftex.def)             Requested size: 734.14375pt x 423.38232pt.

<nutella.jpg, id=30, 948.54375pt x 576.1525pt>
File: nutella.jpg Graphic file (type jpg)
 <use nutella.jpg>
Package pdftex.def Info: nutella.jpg used on input line 71.
(pdftex.def)             Requested size: 569.13065pt x 345.69415pt.

<nutella2.jpg, id=31, 948.54375pt x 576.1525pt>
File: nutella2.jpg Graphic file (type jpg)
 <use nutella2.jpg>
Package pdftex.def Info: nutella2.jpg used on input line 71.
(pdftex.def)             Requested size: 569.13065pt x 345.69415pt.
)
(C:\Users\Su-zl\Desktop\è«–æ–‡\zls-master\result.tex
<pie.jpg, id=32, 463.7325pt x 513.92pt>
File: pie.jpg Graphic file (type jpg)
 <use pie.jpg>
Package pdftex.def Info: pie.jpg used on input line 7.
(pdftex.def)             Requested size: 139.12082pt x 154.17719pt.
 [5 <C:/Users/Su-zl/Desktop/è«–æ–‡/zls-master/supermarket.jpg> <C:/Users/Su-zl/
Desktop/è«–æ–‡/zls-master/shelves.jpg> <C:/Users/Su-zl/Desktop/è«–æ–‡/zls-maste
r/LaysMarked.jpg> <C:/Users/Su-zl/Desktop/è«–æ–‡/zls-master/nutella.jpg> <C:/Us
ers/Su-zl/Desktop/è«–æ–‡/zls-master/nutella2.jpg>])
(C:\Users\Su-zl\Desktop\è«–æ–‡\zls-master\conference.bbl)

** Conference Paper **
Before submitting the final camera ready copy, remember to:

 1. Manually equalize the lengths of two columns on the last page
 of your paper;

 2. Ensure that any PostScript and/or PDF output post-processing
 uses only Type 1 fonts and that every step in the generation
 process uses the appropriate paper size.

[6

 <C:/Users/Su-zl/Desktop/è«–æ–‡/zls-master/pie.jpg>]
(C:\Users\Su-zl\Desktop\è«–æ–‡\zls-master\conference.aux)

LaTeX Warning: There were undefined references.


LaTeX Warning: There were multiply-defined labels.

 ) 
Here is how much of TeX's memory you used:
 4144 strings out of 495354
 58406 string characters out of 3183858
 121875 words of memory out of 3000000
 7244 multiletter control sequences out of 15000+200000
 45000 words of font info for 95 fonts, out of 3000000 for 9000
 14 hyphenation exceptions out of 8191
 30i,11n,35p,510b,290s stack positions out of 5000i,500n,10000p,200000b,50000s
{D:/CTeX/MiKTeX/fonts/enc/dvips/fontname/8r.enc}<D:/CTeX/MiKTeX/fonts/type1/u
rw/times/utmb8a.pfb><D:/CTeX/MiKTeX/fonts/type1/urw/times/utmbi8a.pfb><D:/CTeX/
MiKTeX/fonts/type1/urw/times/utmr8a.pfb><D:/CTeX/MiKTeX/fonts/type1/urw/times/u
tmri8a.pfb>
Output written on conference.pdf (6 pages, 696638 bytes).
PDF statistics:
 53 PDF objects out of 1000 (max. 8388607)
 0 named destinations out of 1000 (max. 500000)
 76 words of extra memory for PDF output out of 10000 (max. 10000000)

